# JRE version: OpenJDK Runtime Environment (17.0+35) (build 17+35-2724)
# Java VM: OpenJDK 64-Bit Server VM (17+35-2724, mixed mode, sharing, tiered, compressed oops, compressed class ptrs, g1 gc, bsd-amd64)
GC Precious Log:
 CPUs: 8 total, 8 available
 Memory: 16384M
 Large Page Support: Disabled
 NUMA Support: Disabled
 Compressed Oops: Enabled (Zero based)
 Heap Region Size: 2M
 Heap Min Capacity: 8M
 Heap Initial Capacity: 256M
 Heap Max Capacity: 4G
 Pre-touch: Disabled
 Parallel Workers: 8
 Concurrent Workers: 2
 Concurrent Refinement Workers: 8
 Periodic GC: Disabled
Heap:
 garbage-first heap   total 90112K, used 68705K [0x0000000700000000, 0x0000000800000000)
  region size 2048K, 27 young (55296K), 3 survivors (6144K)
 Metaspace       used 47342K, committed 47616K, reserved 1097728K
  class space    used 6520K, committed 6656K, reserved 1048576K
GC Heap History (19 events):
Event: 1.056 GC heap before
{Heap before GC invocations=0 (full 0):
 garbage-first heap   total 266240K, used 22480K [0x0000000700000000, 0x0000000800000000)
  region size 2048K, 11 young (22528K), 0 survivors (0K)
 Metaspace       used 4391K, committed 4608K, reserved 1056768K
  class space    used 485K, committed 576K, reserved 1048576K
}
Event: 1.060 GC heap after
{Heap after GC invocations=1 (full 0):
 garbage-first heap   total 266240K, used 7583K [0x0000000700000000, 0x0000000800000000)
  region size 2048K, 2 young (4096K), 2 survivors (4096K)
 Metaspace       used 4391K, committed 4608K, reserved 1056768K
  class space    used 485K, committed 576K, reserved 1048576K
}
Event: 1.070 GC heap before
{Heap before GC invocations=1 (full 0):
 garbage-first heap   total 266240K, used 32159K [0x0000000700000000, 0x0000000800000000)
  region size 2048K, 15 young (30720K), 2 survivors (4096K)
 Metaspace       used 4391K, committed 4608K, reserved 1056768K
  class space    used 485K, committed 576K, reserved 1048576K
}
Event: 1.073 GC heap after
{Heap after GC invocations=2 (full 0):
 garbage-first heap   total 266240K, used 7929K [0x0000000700000000, 0x0000000800000000)
  region size 2048K, 1 young (2048K), 1 survivors (2048K)
 Metaspace       used 4391K, committed 4608K, reserved 1056768K
  class space    used 485K, committed 576K, reserved 1048576K
}
Event: 3.592 GC heap before
{Heap before GC invocations=2 (full 0):
 garbage-first heap   total 266240K, used 136953K [0x0000000700000000, 0x0000000800000000)
  region size 2048K, 66 young (135168K), 1 survivors (2048K)
 Metaspace       used 21320K, committed 21504K, reserved 1073152K
  class space    used 2739K, committed 2816K, reserved 1048576K
}
Event: 3.601 GC heap after
{Heap after GC invocations=3 (full 0):
 garbage-first heap   total 266240K, used 13285K [0x0000000700000000, 0x0000000800000000)
  region size 2048K, 3 young (6144K), 3 survivors (6144K)
 Metaspace       used 21320K, committed 21504K, reserved 1073152K
  class space    used 2739K, committed 2816K, reserved 1048576K
}
Event: 4.729 GC heap before
{Heap before GC invocations=4 (full 0):
 garbage-first heap   total 61440K, used 44005K [0x0000000700000000, 0x0000000800000000)
  region size 2048K, 18 young (36864K), 3 survivors (6144K)
 Metaspace       used 27417K, committed 27712K, reserved 1081344K
  class space    used 3621K, committed 3712K, reserved 1048576K
}
Event: 4.738 GC heap after
{Heap after GC invocations=5 (full 0):
 garbage-first heap   total 61440K, used 16572K [0x0000000700000000, 0x0000000800000000)
  region size 2048K, 2 young (4096K), 2 survivors (4096K)
 Metaspace       used 27417K, committed 27712K, reserved 1081344K
  class space    used 3621K, committed 3712K, reserved 1048576K
}
Event: 4.801 GC heap before
{Heap before GC invocations=5 (full 0):
 garbage-first heap   total 61440K, used 37052K [0x0000000700000000, 0x0000000800000000)
  region size 2048K, 13 young (26624K), 2 survivors (4096K)
 Metaspace       used 28115K, committed 28352K, reserved 1081344K
  class space    used 3694K, committed 3776K, reserved 1048576K
}
Event: 4.805 GC heap after
{Heap after GC invocations=6 (full 0):
 garbage-first heap   total 61440K, used 17438K [0x0000000700000000, 0x0000000800000000)
  region size 2048K, 1 young (2048K), 1 survivors (2048K)
 Metaspace       used 28115K, committed 28352K, reserved 1081344K
  class space    used 3694K, committed 3776K, reserved 1048576K
}
Event: 4.838 GC heap before
{Heap before GC invocations=6 (full 0):
 garbage-first heap   total 61440K, used 37918K [0x0000000700000000, 0x0000000800000000)
  region size 2048K, 12 young (24576K), 1 survivors (2048K)
 Metaspace       used 28291K, committed 28672K, reserved 1081344K
  class space    used 3712K, committed 3904K, reserved 1048576K
}
Event: 4.839 GC heap after
{Heap after GC invocations=7 (full 0):
 garbage-first heap   total 61440K, used 17075K [0x0000000700000000, 0x0000000800000000)
  region size 2048K, 1 young (2048K), 1 survivors (2048K)
 Metaspace       used 28291K, committed 28672K, reserved 1081344K
  class space    used 3712K, committed 3904K, reserved 1048576K
}
Event: 4.880 GC heap before
{Heap before GC invocations=7 (full 0):
 garbage-first heap   total 61440K, used 39603K [0x0000000700000000, 0x0000000800000000)
  region size 2048K, 13 young (26624K), 1 survivors (2048K)
 Metaspace       used 28692K, committed 28992K, reserved 1081344K
  class space    used 3745K, committed 3904K, reserved 1048576K
}
Event: 4.881 GC heap after
{Heap after GC invocations=8 (full 0):
 garbage-first heap   total 61440K, used 17235K [0x0000000700000000, 0x0000000800000000)
  region size 2048K, 1 young (2048K), 1 survivors (2048K)
 Metaspace       used 28692K, committed 28992K, reserved 1081344K
  class space    used 3745K, committed 3904K, reserved 1048576K
}
Event: 5.189 GC heap before
{Heap before GC invocations=8 (full 0):
 garbage-first heap   total 61440K, used 41811K [0x0000000700000000, 0x0000000800000000)
  region size 2048K, 14 young (28672K), 1 survivors (2048K)
 Metaspace       used 29847K, committed 30208K, reserved 1081344K
  class space    used 3917K, committed 4096K, reserved 1048576K
}
Event: 5.191 GC heap after
{Heap after GC invocations=9 (full 0):
 garbage-first heap   total 161792K, used 17656K [0x0000000700000000, 0x0000000800000000)
  region size 2048K, 1 young (2048K), 1 survivors (2048K)
 Metaspace       used 29847K, committed 30208K, reserved 1081344K
  class space    used 3917K, committed 4096K, reserved 1048576K
}
Event: 5.672 GC heap before
{Heap before GC invocations=9 (full 0):
 garbage-first heap   total 161792K, used 38136K [0x0000000700000000, 0x0000000800000000)
  region size 2048K, 12 young (24576K), 1 survivors (2048K)
 Metaspace       used 35743K, committed 35968K, reserved 1081344K
  class space    used 4705K, committed 4800K, reserved 1048576K
}
Event: 5.676 GC heap after
{Heap after GC invocations=10 (full 0):
 garbage-first heap   total 161792K, used 19553K [0x0000000700000000, 0x0000000800000000)
  region size 2048K, 2 young (4096K), 2 survivors (4096K)
 Metaspace       used 35743K, committed 35968K, reserved 1081344K
  class space    used 4705K, committed 4800K, reserved 1048576K
}
Event: 6.687 GC heap before
{Heap before GC invocations=11 (full 0):
 garbage-first heap   total 90112K, used 68705K [0x0000000700000000, 0x0000000800000000)
  region size 2048K, 26 young (53248K), 2 survivors (4096K)
 Metaspace       used 47342K, committed 47616K, reserved 1097728K
  class space    used 6520K, committed 6656K, reserved 1048576K
}

